  [1m[35m (3.2ms)[0m  [1m[34mSELECT sqlite_version(*)[0m
  [1m[35m (147.0ms)[0m  [1m[35mCREATE TABLE "schema_migrations" ("version" varchar NOT NULL PRIMARY KEY)[0m
  [1m[35m (134.2ms)[0m  [1m[35mCREATE TABLE "ar_internal_metadata" ("key" varchar NOT NULL PRIMARY KEY, "value" varchar, "created_at" datetime(6) NOT NULL, "updated_at" datetime(6) NOT NULL)[0m
  [1m[35m (0.2ms)[0m  [1m[34mSELECT "schema_migrations"."version" FROM "schema_migrations" ORDER BY "schema_migrations"."version" ASC[0m
Migrating to CreateEvents (20211003204717)
  [1m[36mTRANSACTION (0.1ms)[0m  [1m[36mbegin transaction[0m
  [1m[35m (0.5ms)[0m  [1m[35mCREATE TABLE "events" ("id" integer PRIMARY KEY AUTOINCREMENT NOT NULL, "title" varchar, "place" varchar, "date" datetime, "created_at" datetime(6) NOT NULL, "updated_at" datetime(6) NOT NULL)[0m
  [1m[36mActiveRecord::SchemaMigration Create (0.2ms)[0m  [1m[32mINSERT INTO "schema_migrations" ("version") VALUES (?)[0m  [["version", "20211003204717"]]
  [1m[36mTRANSACTION (112.6ms)[0m  [1m[36mcommit transaction[0m
  [1m[36mActiveRecord::InternalMetadata Load (0.3ms)[0m  [1m[34mSELECT "ar_internal_metadata".* FROM "ar_internal_metadata" WHERE "ar_internal_metadata"."key" = ? LIMIT ?[0m  [["key", "environment"], ["LIMIT", 1]]
  [1m[36mTRANSACTION (0.1ms)[0m  [1m[36mbegin transaction[0m
  [1m[36mActiveRecord::InternalMetadata Create (0.3ms)[0m  [1m[32mINSERT INTO "ar_internal_metadata" ("key", "value", "created_at", "updated_at") VALUES (?, ?, ?, ?)[0m  [["key", "environment"], ["value", "development"], ["created_at", "2021-10-03 20:47:47.403956"], ["updated_at", "2021-10-03 20:47:47.403956"]]
  [1m[36mTRANSACTION (121.6ms)[0m  [1m[36mcommit transaction[0m
  [1m[35m (0.2ms)[0m  [1m[34mSELECT sqlite_version(*)[0m
  [1m[35m (0.2ms)[0m  [1m[34mSELECT "schema_migrations"."version" FROM "schema_migrations" ORDER BY "schema_migrations"."version" ASC[0m
Started GET "/" for ::1 at 2021-10-03 23:49:23 +0300
  [1m[35m (1.1ms)[0m  [1m[34mSELECT sqlite_version(*)[0m
  [1m[35m (0.1ms)[0m  [1m[34mSELECT "schema_migrations"."version" FROM "schema_migrations" ORDER BY "schema_migrations"."version" ASC[0m
Processing by Rails::WelcomeController#index as HTML
  Rendering /home/oksana/.rbenv/versions/2.7.2/lib/ruby/gems/2.7.0/gems/railties-6.1.4.1/lib/rails/templates/rails/welcome/index.html.erb
  Rendered /home/oksana/.rbenv/versions/2.7.2/lib/ruby/gems/2.7.0/gems/railties-6.1.4.1/lib/rails/templates/rails/welcome/index.html.erb (Duration: 33.2ms | Allocations: 442)
Completed 200 OK in 97ms (Views: 39.7ms | ActiveRecord: 0.0ms | Allocations: 3584)


Started GET "/events" for ::1 at 2021-10-03 23:49:39 +0300
Processing by EventsController#index as HTML
  Rendering layout layouts/application.html.erb
  Rendering events/index.html.erb within layouts/application
  [1m[36mEvent Load (0.2ms)[0m  [1m[34mSELECT "events".* FROM "events"[0m
  ↳ app/views/events/index.html.erb:16
  Rendered events/index.html.erb within layouts/application (Duration: 4.4ms | Allocations: 1033)
[Webpacker] Compiling...
[Webpacker] Compiled all packs in /home/oksana/events-private/public/packs
[Webpacker] Hash: e2f281de3ea1fdc4fa5a
Version: webpack 4.46.0
Time: 2810ms
Built at: 10/03/2021 11:49:46 PM
                                     Asset       Size       Chunks                         Chunk Names
    js/application-be412d64645010827f4e.js    125 KiB  application  [emitted] [immutable]  application
js/application-be412d64645010827f4e.js.map    139 KiB  application  [emitted] [dev]        application
                             manifest.json  364 bytes               [emitted]              
Entrypoint application = js/application-be412d64645010827f4e.js js/application-be412d64645010827f4e.js.map
[./app/javascript/channels sync recursive _channel\.js$] ./app/javascript/channels sync _channel\.js$ 160 bytes {application} [built]
[./app/javascript/channels/index.js] 211 bytes {application} [built]
[./app/javascript/packs/application.js] 492 bytes {application} [built]
[./node_modules/webpack/buildin/module.js] (webpack)/buildin/module.js 552 bytes {application} [built]
    + 3 hidden modules

  Rendered layout layouts/application.html.erb (Duration: 8515.2ms | Allocations: 19960)
Completed 200 OK in 8584ms (Views: 8580.1ms | ActiveRecord: 0.2ms | Allocations: 21378)


Started GET "/" for ::1 at 2021-10-03 23:51:10 +0300
Processing by EventsController#index as HTML
  Rendering layout layouts/application.html.erb
  Rendering events/index.html.erb within layouts/application
  [1m[35m (0.1ms)[0m  [1m[34mSELECT sqlite_version(*)[0m
  ↳ app/views/events/index.html.erb:16
  [1m[36mEvent Load (0.2ms)[0m  [1m[34mSELECT "events".* FROM "events"[0m
  ↳ app/views/events/index.html.erb:16
  Rendered events/index.html.erb within layouts/application (Duration: 8.1ms | Allocations: 1427)
[Webpacker] Everything's up-to-date. Nothing to do
  Rendered layout layouts/application.html.erb (Duration: 16.0ms | Allocations: 4384)
Completed 200 OK in 20ms (Views: 17.2ms | ActiveRecord: 0.7ms | Allocations: 5201)


Started GET "/" for ::1 at 2021-10-03 23:54:24 +0300
  [1m[35m (2.4ms)[0m  [1m[34mSELECT sqlite_version(*)[0m
  [1m[35m (0.3ms)[0m  [1m[34mSELECT "schema_migrations"."version" FROM "schema_migrations" ORDER BY "schema_migrations"."version" ASC[0m
Processing by EventsController#index as HTML
  Rendering layout layouts/application.html.erb
  Rendering events/index.html.erb within layouts/application
  [1m[36mEvent Load (0.3ms)[0m  [1m[34mSELECT "events".* FROM "events"[0m
  ↳ app/views/events/index.html.erb:16
  Rendered events/index.html.erb within layouts/application (Duration: 4.8ms | Allocations: 1134)
[Webpacker] Everything's up-to-date. Nothing to do
  Rendered layout layouts/application.html.erb (Duration: 31.1ms | Allocations: 6469)
Completed 200 OK in 55ms (Views: 37.4ms | ActiveRecord: 0.3ms | Allocations: 9372)


Started GET "/events/new" for ::1 at 2021-10-03 23:54:27 +0300
Processing by EventsController#new as HTML
  Rendering layout layouts/application.html.erb
  Rendering events/new.html.erb within layouts/application
  Rendered events/_form.html.erb (Duration: 150.6ms | Allocations: 6517)
  Rendered events/new.html.erb within layouts/application (Duration: 152.3ms | Allocations: 6859)
[Webpacker] Everything's up-to-date. Nothing to do
  Rendered layout layouts/application.html.erb (Duration: 160.0ms | Allocations: 9876)
Completed 200 OK in 179ms (Views: 161.3ms | ActiveRecord: 1.2ms | Allocations: 14260)


Started GET "/events" for ::1 at 2021-10-03 23:54:42 +0300
Processing by EventsController#index as HTML
  Rendering layout layouts/application.html.erb
  Rendering events/index.html.erb within layouts/application
  [1m[36mEvent Load (0.2ms)[0m  [1m[34mSELECT "events".* FROM "events"[0m
  ↳ app/views/events/index.html.erb:16
  Rendered events/index.html.erb within layouts/application (Duration: 5.1ms | Allocations: 710)
[Webpacker] Everything's up-to-date. Nothing to do
  Rendered layout layouts/application.html.erb (Duration: 14.6ms | Allocations: 3785)
Completed 200 OK in 18ms (Views: 16.4ms | ActiveRecord: 0.2ms | Allocations: 4193)


  [1m[35m (0.5ms)[0m  [1m[34mSELECT sqlite_version(*)[0m
  [1m[35m (0.1ms)[0m  [1m[34mSELECT "schema_migrations"."version" FROM "schema_migrations" ORDER BY "schema_migrations"."version" ASC[0m
Migrating to CreateUsers (20211003212303)
  [1m[36mTRANSACTION (0.1ms)[0m  [1m[36mbegin transaction[0m
  [1m[35m (0.4ms)[0m  [1m[35mCREATE TABLE "users" ("id" integer PRIMARY KEY AUTOINCREMENT NOT NULL, "username" varchar, "email" varchar, "created_at" datetime(6) NOT NULL, "updated_at" datetime(6) NOT NULL)[0m
  [1m[36mActiveRecord::SchemaMigration Create (0.3ms)[0m  [1m[32mINSERT INTO "schema_migrations" ("version") VALUES (?)[0m  [["version", "20211003212303"]]
  [1m[36mTRANSACTION (133.1ms)[0m  [1m[36mcommit transaction[0m
  [1m[36mActiveRecord::InternalMetadata Load (0.2ms)[0m  [1m[34mSELECT "ar_internal_metadata".* FROM "ar_internal_metadata" WHERE "ar_internal_metadata"."key" = ? LIMIT ?[0m  [["key", "environment"], ["LIMIT", 1]]
  [1m[35m (0.1ms)[0m  [1m[34mSELECT sqlite_version(*)[0m
  [1m[35m (0.2ms)[0m  [1m[34mSELECT "schema_migrations"."version" FROM "schema_migrations" ORDER BY "schema_migrations"."version" ASC[0m
Started GET "/users/new" for ::1 at 2021-10-04 00:29:46 +0300
  [1m[35m (0.2ms)[0m  [1m[34mSELECT sqlite_version(*)[0m
  [1m[35m (0.3ms)[0m  [1m[34mSELECT "schema_migrations"."version" FROM "schema_migrations" ORDER BY "schema_migrations"."version" ASC[0m
Processing by UsersController#new as HTML
  Rendering layout layouts/application.html.erb
  Rendering users/new.html.erb within layouts/application
  Rendered users/new.html.erb within layouts/application (Duration: 1.5ms | Allocations: 109)
[Webpacker] Everything's up-to-date. Nothing to do
  Rendered layout layouts/application.html.erb (Duration: 204.2ms | Allocations: 13450)
Completed 200 OK in 212ms (Views: 209.7ms | ActiveRecord: 0.0ms | Allocations: 14586)


Started GET "/users/new" for ::1 at 2021-10-04 00:32:47 +0300
Processing by UsersController#new as HTML
  [1m[35m (0.1ms)[0m  [1m[34mSELECT sqlite_version(*)[0m
  ↳ app/controllers/users_controller.rb:3:in `new'
  Rendering layout layouts/application.html.erb
  Rendering users/new.html.erb within layouts/application
  Rendered users/new.html.erb within layouts/application (Duration: 79.2ms | Allocations: 4273)
  Rendered layout layouts/application.html.erb (Duration: 79.7ms | Allocations: 4337)
Completed 500 Internal Server Error in 100ms (ActiveRecord: 1.5ms | Allocations: 8692)


  
ActionView::Template::Error (undefined method `users_path' for #<ActionView::Base:0x0000000000ad70>
Did you mean?  users_new_path):
    1: <h1>Users#new</h1>
    2: <%= form_for @user do |f| %>
    3:   <%= f.label :username, "username:" %>
    4:   <%= f.text_field :username %>
    5:   <%= f.label :email, "email:" %>
  
app/views/users/new.html.erb:2
Started GET "/users/new" for ::1 at 2021-10-04 00:34:18 +0300
Processing by UsersController#new as HTML
  [1m[35m (0.1ms)[0m  [1m[34mSELECT sqlite_version(*)[0m
  ↳ app/controllers/users_controller.rb:3:in `new'
  Rendering layout layouts/application.html.erb
  Rendering users/new.html.erb within layouts/application
  Rendered users/new.html.erb within layouts/application (Duration: 25.0ms | Allocations: 854)
[Webpacker] Everything's up-to-date. Nothing to do
  Rendered layout layouts/application.html.erb (Duration: 38.0ms | Allocations: 4167)
Completed 200 OK in 57ms (Views: 39.6ms | ActiveRecord: 1.6ms | Allocations: 8099)


Started GET "/users/new" for ::1 at 2021-10-04 00:34:41 +0300
Processing by UsersController#new as HTML
  Rendering layout layouts/application.html.erb
  Rendering users/new.html.erb within layouts/application
  Rendered users/new.html.erb within layouts/application (Duration: 3.0ms | Allocations: 648)
[Webpacker] Everything's up-to-date. Nothing to do
  Rendered layout layouts/application.html.erb (Duration: 16.9ms | Allocations: 3852)
Completed 200 OK in 22ms (Views: 20.4ms | ActiveRecord: 0.0ms | Allocations: 4950)


Started GET "/users/new" for ::1 at 2021-10-04 00:44:12 +0300
Processing by UsersController#new as HTML
  [1m[35m (0.1ms)[0m  [1m[34mSELECT sqlite_version(*)[0m
  ↳ app/controllers/users_controller.rb:3:in `new'
  Rendering layout layouts/application.html.erb
  Rendering users/new.html.erb within layouts/application
  Rendered users/new.html.erb within layouts/application (Duration: 3.1ms | Allocations: 706)
[Webpacker] Everything's up-to-date. Nothing to do
  Rendered layout layouts/application.html.erb (Duration: 12.2ms | Allocations: 3900)
Completed 200 OK in 31ms (Views: 16.6ms | ActiveRecord: 0.5ms | Allocations: 7840)


  [1m[35m (311.7ms)[0m  [1m[34mSELECT sqlite_version(*)[0m
  [1m[35m (0.2ms)[0m  [1m[34mSELECT "schema_migrations"."version" FROM "schema_migrations" ORDER BY "schema_migrations"."version" ASC[0m
  [1m[35m (0.1ms)[0m  [1m[34mSELECT "schema_migrations"."version" FROM "schema_migrations" ORDER BY "schema_migrations"."version" ASC[0m
  [1m[35m (0.1ms)[0m  [1m[34mSELECT "schema_migrations"."version" FROM "schema_migrations" ORDER BY "schema_migrations"."version" ASC[0m
  [1m[35m (0.1ms)[0m  [1m[34mSELECT "schema_migrations"."version" FROM "schema_migrations" ORDER BY "schema_migrations"."version" ASC[0m
Migrating to CreateUsers (20211003212303)
  [1m[36mTRANSACTION (0.1ms)[0m  [1m[36mbegin transaction[0m
  [1m[35m (55.3ms)[0m  [1m[35mDROP TABLE "users"[0m
  [1m[36mActiveRecord::SchemaMigration Destroy (0.4ms)[0m  [1m[31mDELETE FROM "schema_migrations" WHERE "schema_migrations"."version" = ?[0m  [["version", "20211003212303"]]
  [1m[36mTRANSACTION (254.7ms)[0m  [1m[36mcommit transaction[0m
  [1m[35m (0.1ms)[0m  [1m[34mSELECT sqlite_version(*)[0m
  [1m[35m (0.2ms)[0m  [1m[34mSELECT "schema_migrations"."version" FROM "schema_migrations" ORDER BY "schema_migrations"."version" ASC[0m
Started GET "/" for ::1 at 2021-10-04 19:22:57 +0300
  [1m[35m (234.5ms)[0m  [1m[34mSELECT sqlite_version(*)[0m
  [1m[35m (0.2ms)[0m  [1m[34mSELECT "schema_migrations"."version" FROM "schema_migrations" ORDER BY "schema_migrations"."version" ASC[0m
Processing by EventsController#index as HTML
  Rendering layout layouts/application.html.erb
  Rendering events/index.html.erb within layouts/application
  [1m[36mEvent Load (12.6ms)[0m  [1m[34mSELECT "events".* FROM "events"[0m
  ↳ app/views/events/index.html.erb:16
  Rendered events/index.html.erb within layouts/application (Duration: 122.6ms | Allocations: 1135)
[Webpacker] Everything's up-to-date. Nothing to do
  Rendered layout layouts/application.html.erb (Duration: 3226.7ms | Allocations: 23721)
Completed 200 OK in 4333ms (Views: 3735.4ms | ActiveRecord: 12.6ms | Allocations: 26527)


Started GET "/events/new" for ::1 at 2021-10-04 19:23:15 +0300
Processing by EventsController#new as HTML
  Rendering layout layouts/application.html.erb
  Rendering events/new.html.erb within layouts/application
  Rendered events/_form.html.erb (Duration: 878.9ms | Allocations: 4687)
  Rendered events/new.html.erb within layouts/application (Duration: 908.5ms | Allocations: 5029)
[Webpacker] Everything's up-to-date. Nothing to do
  Rendered layout layouts/application.html.erb (Duration: 916.2ms | Allocations: 8119)
Completed 200 OK in 932ms (Views: 917.6ms | ActiveRecord: 1.4ms | Allocations: 12004)


Started GET "/events/new" for ::1 at 2021-10-04 20:04:28 +0300
  [1m[35m (14.7ms)[0m  [1m[34mSELECT sqlite_version(*)[0m
  [1m[35m (0.2ms)[0m  [1m[34mSELECT "schema_migrations"."version" FROM "schema_migrations" ORDER BY "schema_migrations"."version" ASC[0m
  [1m[35mCACHE  (0.0ms)[0m  [1m[34mSELECT "schema_migrations"."version" FROM "schema_migrations" ORDER BY "schema_migrations"."version" ASC[0m
  
ActiveRecord::PendingMigrationError (

Migrations are pending. To resolve this issue, run:

        bin/rails db:migrate RAILS_ENV=development

You have 1 pending migration:

20211004164307_devise_create_users.rb


):
  
activerecord (6.1.4.1) lib/active_record/migration.rb:625:in `check_pending!'
activerecord (6.1.4.1) lib/active_record/migration.rb:590:in `block (2 levels) in call'
activesupport (6.1.4.1) lib/active_support/evented_file_update_checker.rb:59:in `execute'
activerecord (6.1.4.1) lib/active_record/migration.rb:595:in `block in call'
activerecord (6.1.4.1) lib/active_record/migration.rb:587:in `synchronize'
activerecord (6.1.4.1) lib/active_record/migration.rb:587:in `call'
actionpack (6.1.4.1) lib/action_dispatch/middleware/callbacks.rb:27:in `block in call'
activesupport (6.1.4.1) lib/active_support/callbacks.rb:98:in `run_callbacks'
actionpack (6.1.4.1) lib/action_dispatch/middleware/callbacks.rb:26:in `call'
actionpack (6.1.4.1) lib/action_dispatch/middleware/executor.rb:14:in `call'
actionpack (6.1.4.1) lib/action_dispatch/middleware/actionable_exceptions.rb:18:in `call'
actionpack (6.1.4.1) lib/action_dispatch/middleware/debug_exceptions.rb:29:in `call'
web-console (4.1.0) lib/web_console/middleware.rb:132:in `call_app'
web-console (4.1.0) lib/web_console/middleware.rb:28:in `block in call'
web-console (4.1.0) lib/web_console/middleware.rb:17:in `catch'
web-console (4.1.0) lib/web_console/middleware.rb:17:in `call'
actionpack (6.1.4.1) lib/action_dispatch/middleware/show_exceptions.rb:33:in `call'
railties (6.1.4.1) lib/rails/rack/logger.rb:37:in `call_app'
railties (6.1.4.1) lib/rails/rack/logger.rb:26:in `block in call'
activesupport (6.1.4.1) lib/active_support/tagged_logging.rb:99:in `block in tagged'
activesupport (6.1.4.1) lib/active_support/tagged_logging.rb:37:in `tagged'
activesupport (6.1.4.1) lib/active_support/tagged_logging.rb:99:in `tagged'
railties (6.1.4.1) lib/rails/rack/logger.rb:26:in `call'
sprockets-rails (3.2.2) lib/sprockets/rails/quiet_assets.rb:13:in `call'
actionpack (6.1.4.1) lib/action_dispatch/middleware/remote_ip.rb:81:in `call'
actionpack (6.1.4.1) lib/action_dispatch/middleware/request_id.rb:26:in `call'
rack (2.2.3) lib/rack/method_override.rb:24:in `call'
rack (2.2.3) lib/rack/runtime.rb:22:in `call'
activesupport (6.1.4.1) lib/active_support/cache/strategy/local_cache_middleware.rb:29:in `call'
actionpack (6.1.4.1) lib/action_dispatch/middleware/executor.rb:14:in `call'
actionpack (6.1.4.1) lib/action_dispatch/middleware/static.rb:24:in `call'
rack (2.2.3) lib/rack/sendfile.rb:110:in `call'
actionpack (6.1.4.1) lib/action_dispatch/middleware/host_authorization.rb:98:in `call'
rack-mini-profiler (2.3.3) lib/mini_profiler/profiler.rb:393:in `call'
webpacker (5.4.3) lib/webpacker/dev_server_proxy.rb:25:in `perform_request'
rack-proxy (0.7.0) lib/rack/proxy.rb:63:in `call'
railties (6.1.4.1) lib/rails/engine.rb:539:in `call'
puma (5.5.0) lib/puma/configuration.rb:249:in `call'
puma (5.5.0) lib/puma/request.rb:77:in `block in handle_request'
puma (5.5.0) lib/puma/thread_pool.rb:340:in `with_force_shutdown'
puma (5.5.0) lib/puma/request.rb:76:in `handle_request'
puma (5.5.0) lib/puma/server.rb:447:in `process_client'
puma (5.5.0) lib/puma/thread_pool.rb:147:in `block in spawn_thread'
  [1m[35m (0.6ms)[0m  [1m[34mSELECT sqlite_version(*)[0m
  [1m[35m (0.1ms)[0m  [1m[34mSELECT "schema_migrations"."version" FROM "schema_migrations" ORDER BY "schema_migrations"."version" ASC[0m
Migrating to DeviseCreateUsers (20211004164307)
  [1m[36mTRANSACTION (0.1ms)[0m  [1m[36mbegin transaction[0m
  [1m[35m (107.7ms)[0m  [1m[35mCREATE TABLE "users" ("id" integer PRIMARY KEY AUTOINCREMENT NOT NULL, "email" varchar DEFAULT '' NOT NULL, "encrypted_password" varchar DEFAULT '' NOT NULL, "reset_password_token" varchar, "reset_password_sent_at" datetime, "remember_created_at" datetime, "created_at" datetime(6) NOT NULL, "updated_at" datetime(6) NOT NULL)[0m
  [1m[35m (0.3ms)[0m  [1m[35mCREATE UNIQUE INDEX "index_users_on_email" ON "users" ("email")[0m
  [1m[35m (0.3ms)[0m  [1m[35mCREATE UNIQUE INDEX "index_users_on_reset_password_token" ON "users" ("reset_password_token")[0m
  [1m[36mActiveRecord::SchemaMigration Create (1.3ms)[0m  [1m[32mINSERT INTO "schema_migrations" ("version") VALUES (?)[0m  [["version", "20211004164307"]]
  [1m[36mTRANSACTION (336.8ms)[0m  [1m[36mcommit transaction[0m
  [1m[36mActiveRecord::InternalMetadata Load (0.2ms)[0m  [1m[34mSELECT "ar_internal_metadata".* FROM "ar_internal_metadata" WHERE "ar_internal_metadata"."key" = ? LIMIT ?[0m  [["key", "environment"], ["LIMIT", 1]]
  [1m[35m (0.1ms)[0m  [1m[34mSELECT sqlite_version(*)[0m
  [1m[35m (0.2ms)[0m  [1m[34mSELECT "schema_migrations"."version" FROM "schema_migrations" ORDER BY "schema_migrations"."version" ASC[0m
Started GET "/events/new" for ::1 at 2021-10-04 20:05:07 +0300
  [1m[35m (0.1ms)[0m  [1m[34mSELECT sqlite_version(*)[0m
  [1m[35m (0.5ms)[0m  [1m[34mSELECT "schema_migrations"."version" FROM "schema_migrations" ORDER BY "schema_migrations"."version" ASC[0m
Processing by EventsController#new as HTML
  Rendering layout layouts/application.html.erb
  Rendering events/new.html.erb within layouts/application
  Rendered events/_form.html.erb (Duration: 371.3ms | Allocations: 6190)
  Rendered events/new.html.erb within layouts/application (Duration: 390.2ms | Allocations: 6534)
[Webpacker] Everything's up-to-date. Nothing to do
  Rendered layout layouts/application.html.erb (Duration: 3743.5ms | Allocations: 132849)
Completed 200 OK in 3882ms (Views: 3766.1ms | ActiveRecord: 1.0ms | Allocations: 138531)


Started GET "/events/new" for ::1 at 2021-10-04 20:05:39 +0300
Processing by EventsController#new as HTML
  Rendering layout layouts/application.html.erb
  Rendering events/new.html.erb within layouts/application
  Rendered events/_form.html.erb (Duration: 7.3ms | Allocations: 2454)
  Rendered events/new.html.erb within layouts/application (Duration: 8.0ms | Allocations: 2559)
[Webpacker] Everything's up-to-date. Nothing to do
  Rendered layout layouts/application.html.erb (Duration: 20.3ms | Allocations: 6030)
Completed 200 OK in 23ms (Views: 21.6ms | ActiveRecord: 0.0ms | Allocations: 6430)


Started GET "/events/new" for ::1 at 2021-10-04 20:05:41 +0300
Processing by EventsController#new as HTML
  Rendering layout layouts/application.html.erb
  Rendering events/new.html.erb within layouts/application
  Rendered events/_form.html.erb (Duration: 4.9ms | Allocations: 2451)
  Rendered events/new.html.erb within layouts/application (Duration: 5.7ms | Allocations: 2556)
[Webpacker] Everything's up-to-date. Nothing to do
  Rendered layout layouts/application.html.erb (Duration: 17.5ms | Allocations: 6033)
Completed 200 OK in 19ms (Views: 18.4ms | ActiveRecord: 0.0ms | Allocations: 6442)


Started GET "/events/new" for ::1 at 2021-10-04 20:05:46 +0300
Processing by EventsController#new as HTML
  Rendering layout layouts/application.html.erb
  Rendering events/new.html.erb within layouts/application
  Rendered events/_form.html.erb (Duration: 4.2ms | Allocations: 2451)
  Rendered events/new.html.erb within layouts/application (Duration: 4.5ms | Allocations: 2556)
[Webpacker] Everything's up-to-date. Nothing to do
  Rendered layout layouts/application.html.erb (Duration: 12.6ms | Allocations: 6028)
Completed 200 OK in 15ms (Views: 13.6ms | ActiveRecord: 0.0ms | Allocations: 6437)


Started GET "/events" for ::1 at 2021-10-04 20:05:52 +0300
Processing by EventsController#index as HTML
  Rendering layout layouts/application.html.erb
  Rendering events/index.html.erb within layouts/application
  [1m[36mEvent Load (0.2ms)[0m  [1m[34mSELECT "events".* FROM "events"[0m
  ↳ app/views/events/index.html.erb:16
  Rendered events/index.html.erb within layouts/application (Duration: 64.3ms | Allocations: 1572)
[Webpacker] Everything's up-to-date. Nothing to do
  Rendered layout layouts/application.html.erb (Duration: 69.7ms | Allocations: 5038)
Completed 200 OK in 72ms (Views: 70.3ms | ActiveRecord: 0.2ms | Allocations: 5588)


Started GET "/events/new" for ::1 at 2021-10-04 20:05:55 +0300
Processing by EventsController#new as HTML
  Rendering layout layouts/application.html.erb
  Rendering events/new.html.erb within layouts/application
  Rendered events/_form.html.erb (Duration: 4.3ms | Allocations: 2440)
  Rendered events/new.html.erb within layouts/application (Duration: 4.7ms | Allocations: 2545)
[Webpacker] Everything's up-to-date. Nothing to do
  Rendered layout layouts/application.html.erb (Duration: 11.0ms | Allocations: 6016)
Completed 200 OK in 13ms (Views: 11.8ms | ActiveRecord: 0.0ms | Allocations: 6416)


Started GET "/events" for ::1 at 2021-10-04 20:06:00 +0300
Processing by EventsController#index as HTML
  Rendering layout layouts/application.html.erb
  Rendering events/index.html.erb within layouts/application
  [1m[36mEvent Load (0.2ms)[0m  [1m[34mSELECT "events".* FROM "events"[0m
  ↳ app/views/events/index.html.erb:16
  Rendered events/index.html.erb within layouts/application (Duration: 4.0ms | Allocations: 714)
[Webpacker] Everything's up-to-date. Nothing to do
  Rendered layout layouts/application.html.erb (Duration: 25.1ms | Allocations: 4773)
Completed 200 OK in 28ms (Views: 26.1ms | ActiveRecord: 0.2ms | Allocations: 5182)


Started GET "/events" for ::1 at 2021-10-04 20:06:54 +0300
Processing by EventsController#index as HTML
  Rendering layout layouts/application.html.erb
  Rendering events/index.html.erb within layouts/application
  [1m[36mEvent Load (0.2ms)[0m  [1m[34mSELECT "events".* FROM "events"[0m
  ↳ app/views/events/index.html.erb:16
  Rendered events/index.html.erb within layouts/application (Duration: 5.2ms | Allocations: 962)
[Webpacker] Everything's up-to-date. Nothing to do
  Rendered layout layouts/application.html.erb (Duration: 15.4ms | Allocations: 4792)
Completed 200 OK in 21ms (Views: 18.4ms | ActiveRecord: 0.2ms | Allocations: 5994)


Started GET "/events/new" for ::1 at 2021-10-04 20:06:58 +0300
Processing by EventsController#new as HTML
  Rendering layout layouts/application.html.erb
  Rendering events/new.html.erb within layouts/application
  Rendered events/_form.html.erb (Duration: 6.6ms | Allocations: 2784)
  Rendered events/new.html.erb within layouts/application (Duration: 10.1ms | Allocations: 3120)
[Webpacker] Everything's up-to-date. Nothing to do
  Rendered layout layouts/application.html.erb (Duration: 17.9ms | Allocations: 6594)
Completed 200 OK in 22ms (Views: 19.3ms | ActiveRecord: 0.0ms | Allocations: 7119)


Started GET "/events" for ::1 at 2021-10-04 20:07:03 +0300
Processing by EventsController#index as HTML
  Rendering layout layouts/application.html.erb
  Rendering events/index.html.erb within layouts/application
  [1m[36mEvent Load (0.2ms)[0m  [1m[34mSELECT "events".* FROM "events"[0m
  ↳ app/views/events/index.html.erb:16
  Rendered events/index.html.erb within layouts/application (Duration: 3.1ms | Allocations: 715)
[Webpacker] Everything's up-to-date. Nothing to do
  Rendered layout layouts/application.html.erb (Duration: 12.6ms | Allocations: 4177)
Completed 200 OK in 15ms (Views: 13.9ms | ActiveRecord: 0.2ms | Allocations: 4576)


Started GET "/events" for ::1 at 2021-10-04 20:07:40 +0300
Processing by EventsController#index as HTML
  Rendering layout layouts/application.html.erb
  Rendering events/index.html.erb within layouts/application
  [1m[36mEvent Load (0.2ms)[0m  [1m[34mSELECT "events".* FROM "events"[0m
  ↳ app/views/events/index.html.erb:16
  Rendered events/index.html.erb within layouts/application (Duration: 7.3ms | Allocations: 959)
[Webpacker] Everything's up-to-date. Nothing to do
  Rendered layout layouts/application.html.erb (Duration: 16.3ms | Allocations: 4773)
Completed 200 OK in 22ms (Views: 20.4ms | ActiveRecord: 0.2ms | Allocations: 5967)


Started GET "/events" for ::1 at 2021-10-04 20:07:42 +0300
Processing by EventsController#index as HTML
  Rendering layout layouts/application.html.erb
  Rendering events/index.html.erb within layouts/application
  [1m[36mEvent Load (0.5ms)[0m  [1m[34mSELECT "events".* FROM "events"[0m
  ↳ app/views/events/index.html.erb:16
  Rendered events/index.html.erb within layouts/application (Duration: 4.6ms | Allocations: 707)
[Webpacker] Everything's up-to-date. Nothing to do
  Rendered layout layouts/application.html.erb (Duration: 11.6ms | Allocations: 4168)
Completed 200 OK in 14ms (Views: 12.4ms | ActiveRecord: 0.5ms | Allocations: 4563)


Started GET "/events" for ::1 at 2021-10-04 20:07:43 +0300
Processing by EventsController#index as HTML
  Rendering layout layouts/application.html.erb
  Rendering events/index.html.erb within layouts/application
  [1m[36mEvent Load (0.2ms)[0m  [1m[34mSELECT "events".* FROM "events"[0m
  ↳ app/views/events/index.html.erb:16
  Rendered events/index.html.erb within layouts/application (Duration: 4.1ms | Allocations: 706)
[Webpacker] Everything's up-to-date. Nothing to do
  Rendered layout layouts/application.html.erb (Duration: 15.5ms | Allocations: 4168)
Completed 200 OK in 17ms (Views: 15.9ms | ActiveRecord: 0.2ms | Allocations: 4562)


Started GET "/events" for ::1 at 2021-10-04 20:07:45 +0300
Processing by EventsController#index as HTML
  Rendering layout layouts/application.html.erb
  Rendering events/index.html.erb within layouts/application
  [1m[36mEvent Load (0.1ms)[0m  [1m[34mSELECT "events".* FROM "events"[0m
  ↳ app/views/events/index.html.erb:16
  Rendered events/index.html.erb within layouts/application (Duration: 3.1ms | Allocations: 706)
[Webpacker] Everything's up-to-date. Nothing to do
  Rendered layout layouts/application.html.erb (Duration: 15.9ms | Allocations: 4189)
Completed 200 OK in 17ms (Views: 16.5ms | ActiveRecord: 0.1ms | Allocations: 4584)


Started GET "/" for ::1 at 2021-10-04 20:09:41 +0300
  [1m[35m (0.2ms)[0m  [1m[34mSELECT "schema_migrations"."version" FROM "schema_migrations" ORDER BY "schema_migrations"."version" ASC[0m
Processing by EventsController#index as HTML
  Rendering layout layouts/application.html.erb
  Rendering events/index.html.erb within layouts/application
  [1m[36mEvent Load (0.1ms)[0m  [1m[34mSELECT "events".* FROM "events"[0m
  ↳ app/views/events/index.html.erb:16
  Rendered events/index.html.erb within layouts/application (Duration: 3.8ms | Allocations: 959)
[Webpacker] Everything's up-to-date. Nothing to do
  Rendered layout layouts/application.html.erb (Duration: 11.0ms | Allocations: 4789)
Completed 200 OK in 15ms (Views: 12.7ms | ActiveRecord: 0.1ms | Allocations: 5990)


Started GET "/" for ::1 at 2021-10-04 20:12:22 +0300
Processing by EventsController#index as HTML
  Rendering layout layouts/application.html.erb
  Rendering events/index.html.erb within layouts/application
  [1m[36mEvent Load (0.1ms)[0m  [1m[34mSELECT "events".* FROM "events"[0m
  ↳ app/views/events/index.html.erb:16
  Rendered events/index.html.erb within layouts/application (Duration: 3.5ms | Allocations: 707)
[Webpacker] Everything's up-to-date. Nothing to do
  Rendered layout layouts/application.html.erb (Duration: 771.2ms | Allocations: 112288)
Completed 200 OK in 773ms (Views: 771.8ms | ActiveRecord: 0.1ms | Allocations: 112683)


Started GET "/events/new" for ::1 at 2021-10-04 20:14:49 +0300
Processing by EventsController#new as HTML
  [1m[35m (0.1ms)[0m  [1m[34mSELECT sqlite_version(*)[0m
  ↳ app/controllers/events_controller.rb:14:in `new'
  Rendering layout layouts/application.html.erb
  Rendering events/new.html.erb within layouts/application
  Rendered events/_form.html.erb (Duration: 6.5ms | Allocations: 2841)
  Rendered events/new.html.erb within layouts/application (Duration: 7.8ms | Allocations: 3182)
[Webpacker] Everything's up-to-date. Nothing to do
  Rendered layout layouts/application.html.erb (Duration: 17.9ms | Allocations: 7623)
Completed 200 OK in 33ms (Views: 19.6ms | ActiveRecord: 1.2ms | Allocations: 12417)


Started GET "/events" for ::1 at 2021-10-04 20:14:52 +0300
Processing by EventsController#index as HTML
  Rendering layout layouts/application.html.erb
  Rendering events/index.html.erb within layouts/application
  [1m[36mEvent Load (0.3ms)[0m  [1m[34mSELECT "events".* FROM "events" ORDER BY created_at DESC[0m
  ↳ app/views/events/index.html.erb:16
  Rendered events/index.html.erb within layouts/application (Duration: 4.8ms | Allocations: 978)
[Webpacker] Everything's up-to-date. Nothing to do
  Rendered layout layouts/application.html.erb (Duration: 17.0ms | Allocations: 5610)
Completed 200 OK in 19ms (Views: 17.4ms | ActiveRecord: 0.3ms | Allocations: 6180)


Started GET "/events/new" for ::1 at 2021-10-04 20:15:37 +0300
Processing by EventsController#new as HTML
  Rendering layout layouts/application.html.erb
  Rendering events/new.html.erb within layouts/application
  Rendered events/_form.html.erb (Duration: 11.7ms | Allocations: 2454)
  Rendered events/new.html.erb within layouts/application (Duration: 13.5ms | Allocations: 2559)
[Webpacker] Everything's up-to-date. Nothing to do
  Rendered layout layouts/application.html.erb (Duration: 35.6ms | Allocations: 7257)
Completed 200 OK in 39ms (Views: 37.5ms | ActiveRecord: 0.0ms | Allocations: 7658)


Started GET "/events/new" for ::1 at 2021-10-04 20:18:47 +0300
Processing by EventsController#new as HTML
  Rendering layout layouts/application.html.erb
  Rendering events/new.html.erb within layouts/application
  Rendered events/_form.html.erb (Duration: 417.8ms | Allocations: 2452)
  Rendered events/new.html.erb within layouts/application (Duration: 418.5ms | Allocations: 2559)
[Webpacker] Everything's up-to-date. Nothing to do
  Rendered layout layouts/application.html.erb (Duration: 3008.2ms | Allocations: 114768)
Completed 200 OK in 3010ms (Views: 3009.1ms | ActiveRecord: 0.0ms | Allocations: 115165)


